2025-10-07 14:38:23,625 - INFO - Initializing anonymizer...
2025-10-07 14:38:23,626 - INFO - Processing document: test_document.txt
2025-10-07 14:38:23,629 - INFO - Anonymization completed successfully!
2025-10-07 14:38:23,629 - INFO - Output document: test_document_anonymized.txt
2025-10-07 14:38:23,629 - INFO - Processing time: 0.00 seconds
2025-10-07 14:38:23,629 - INFO - Statistics: {'PERSON': 2, 'ADDRESS': 2, 'BANK': 2, 'EMAIL': 1, 'PHONE': 1, 'BIRTH_ID': 1}
2025-10-07 14:39:54,289 - INFO - Initializing anonymizer...
2025-10-07 14:39:54,290 - INFO - Processing document: test_document.txt
2025-10-07 14:39:54,294 - INFO - Anonymization completed successfully!
2025-10-07 14:39:54,294 - INFO - Output document: test_document_anonymized.txt
2025-10-07 14:39:54,295 - INFO - Processing time: 0.00 seconds
2025-10-07 14:39:54,295 - INFO - Statistics: {'PERSON': 2, 'ADDRESS': 2, 'BANK': 1, 'EMAIL': 1, 'PHONE': 1, 'BIRTH_ID': 1}
2025-10-07 14:42:14,055 - INFO - Initializing anonymizer with level: full
2025-10-07 14:42:14,058 - INFO - Processing document: test_document.txt
2025-10-07 14:42:14,060 - INFO - JSON mapping exported to: test_document_anonymized_mapping.json
2025-10-07 14:42:14,061 - INFO - Text mapping exported to: test_document_anonymized_mapping.txt
2025-10-07 14:42:14,061 - INFO - Anonymization completed successfully!
2025-10-07 14:42:14,061 - INFO - Output document: test_document_anonymized.txt
2025-10-07 14:42:14,061 - INFO - Processing time: 0.00 seconds
2025-10-07 14:42:14,061 - INFO - Statistics: {'PERSON': 7, 'ADDRESS': 1, 'SOCIAL_SECURITY': 1, 'BANK': 1, 'EMAIL': 1, 'PHONE': 1}
2025-10-07 14:43:40,771 - INFO - Initializing anonymizer with level: full
2025-10-07 14:43:40,771 - INFO - Processing document: test_document.txt
2025-10-07 14:43:40,776 - INFO - Anonymization completed successfully!
2025-10-07 14:43:40,776 - INFO - Output document: test_document_anonymized.txt
2025-10-07 14:43:40,776 - INFO - Processing time: 0.00 seconds
2025-10-07 14:43:40,776 - INFO - Statistics: {'PERSON': 2, 'ADDRESS': 2, 'SOCIAL_SECURITY': 1, 'BANK': 1, 'EMAIL': 1, 'PHONE': 1, 'BIRTH_ID': 1}
2025-10-07 14:44:01,868 - INFO - Initializing anonymizer with level: full
2025-10-07 14:44:01,868 - INFO - Processing document: test_document.txt
2025-10-07 14:44:01,875 - INFO - JSON mapping exported to: test_document_anonymized_mapping.json
2025-10-07 14:44:01,876 - INFO - Text mapping exported to: test_document_anonymized_mapping.txt
2025-10-07 14:44:01,878 - INFO - CSV mapping exported to: test_document_anonymized_mapping.csv
2025-10-07 14:44:01,878 - INFO - Anonymization completed successfully!
2025-10-07 14:44:01,878 - INFO - Output document: test_document_anonymized.txt
2025-10-07 14:44:01,878 - INFO - Processing time: 0.01 seconds
2025-10-07 14:44:01,878 - INFO - Statistics: {'PERSON': 7, 'ADDRESS': 2, 'SOCIAL_SECURITY': 1, 'BANK': 1, 'EMAIL': 1, 'PHONE': 1, 'BIRTH_ID': 1}
2025-10-07 14:45:26,691 - INFO - Initializing anonymizer with level: full
2025-10-07 14:45:26,691 - INFO - Processing document: test_document.txt
2025-10-07 14:45:26,697 - INFO - Anonymization completed successfully!
2025-10-07 14:45:26,697 - INFO - Output document: test_document_anonymized.txt
2025-10-07 14:45:26,697 - INFO - Processing time: 0.01 seconds
2025-10-07 14:45:26,697 - INFO - Statistics: {'PERSON': 2, 'ADDRESS': 2, 'SOCIAL_SECURITY': 1, 'BANK': 1, 'EMAIL': 1, 'PHONE': 1, 'BIRTH_ID': 1}
2025-10-08 06:33:08,319 - INFO - Initializing anonymizer with level: full
2025-10-08 06:33:08,319 - INFO - Processing document: test_document.txt
2025-10-08 06:33:08,325 - INFO - Anonymization completed successfully!
2025-10-08 06:33:08,326 - INFO - Output document: test_document_anonymized.txt
2025-10-08 06:33:08,326 - INFO - Processing time: 0.00 seconds
2025-10-08 06:33:08,326 - INFO - Statistics: {'PERSON': 1, 'ADDRESS': 2, 'SOCIAL_SECURITY': 1, 'BANK': 1, 'EMAIL': 1, 'PHONE': 1, 'BIRTH_ID': 1}
2025-10-08 06:41:25,737 - INFO - Initializing anonymizer with level: full
2025-10-08 06:41:25,737 - INFO - Processing document: test_document.txt
2025-10-08 06:41:25,748 - INFO - Anonymization completed successfully!
2025-10-08 06:41:25,748 - INFO - Output document: test_document_anonymized.txt
2025-10-08 06:41:25,748 - INFO - Processing time: 0.01 seconds
2025-10-08 06:41:25,748 - INFO - Statistics: {'PERSON': 1, 'ADDRESS': 2, 'SOCIAL_SECURITY': 1, 'BANK': 1, 'EMAIL': 1, 'PHONE': 1, 'BIRTH_ID': 1}
2025-10-08 08:10:38,619 - INFO - Initializing anonymizer with level: standard
2025-10-08 08:10:38,619 - INFO - Processing document: test_document.txt
2025-10-08 08:10:38,634 - INFO - Anonymization completed successfully!
2025-10-08 08:10:38,635 - INFO - Output document: test_document_anonymized.txt
2025-10-08 08:10:38,635 - INFO - Processing time: 0.01 seconds
2025-10-08 08:10:38,635 - INFO - Statistics: {'PERSON': 1, 'ADDRESS': 2, 'BANK': 1, 'EMAIL': 1, 'PHONE': 1, 'BIRTH_ID': 1}
2025-10-08 08:12:31,772 - INFO - Initializing anonymizer with level: standard
2025-10-08 08:12:31,772 - INFO - Processing document: test_document.txt
2025-10-08 08:12:31,782 - INFO - Anonymization completed successfully!
2025-10-08 08:12:31,782 - INFO - Output document: test_document_anonymized.txt
2025-10-08 08:12:31,783 - INFO - Processing time: 0.01 seconds
2025-10-08 08:12:31,783 - INFO - Statistics: {'PERSON': 1, 'ADDRESS': 2, 'BANK': 1, 'EMAIL': 1, 'PHONE': 1, 'BIRTH_ID': 1}
2025-10-08 08:13:08,970 - INFO - Initializing anonymizer with level: standard
2025-10-08 08:13:08,970 - INFO - Processing document: test_document.txt
2025-10-08 08:13:08,975 - INFO - Anonymization completed successfully!
2025-10-08 08:13:08,975 - INFO - Output document: test_document_anonymized.txt
2025-10-08 08:13:08,976 - INFO - Processing time: 0.00 seconds
2025-10-08 08:13:08,976 - INFO - Statistics: {'PERSON': 1, 'ADDRESS': 2, 'BANK': 1, 'EMAIL': 1, 'PHONE': 1, 'BIRTH_ID': 1}
2025-10-08 08:14:47,260 - INFO - Initializing anonymizer with level: standard
2025-10-08 08:14:47,260 - INFO - Processing document: test_document.txt
2025-10-08 08:14:47,266 - INFO - Anonymization completed successfully!
2025-10-08 08:14:47,266 - INFO - Output document: test_document_anonymized.txt
2025-10-08 08:14:47,267 - INFO - Processing time: 0.00 seconds
2025-10-08 08:14:47,267 - INFO - Statistics: {'PERSON': 1, 'BIRTH_ID': 1, 'BANK': 1, 'PHONE': 1, 'EMAIL': 1, 'ICO': 1, 'ADDRESS': 2}
